<?xml version="1.0" encoding="UTF-8"?>
<testsuite name="MaximumNumberTest" tests="1" skipped="0" failures="0" errors="0" timestamp="2020-12-07T17:04:40" hostname="DESKTOP-2M5MM2B" time="0.002">
  <properties/>
  <testcase name="testMaximumNumberVariableArgumentForSix" classname="MaximumNumberTest" time="0.002"/>
  <system-out><![CDATA[]]></system-out>
  <system-err><![CDATA[]]></system-err>
</testsuite>
