<?xml version="1.0" encoding="UTF-8"?>
<testsuite name="MaximumNumberTest" tests="6" skipped="0" failures="0" errors="0" timestamp="2020-12-07T16:19:17" hostname="DESKTOP-2M5MM2B" time="0.004">
  <properties/>
  <testcase name="testMaximumNumberAtSecondPositionFloat" classname="MaximumNumberTest" time="0.002"/>
  <testcase name="testMaximumNumberAtThirdPosition" classname="MaximumNumberTest" time="0.0"/>
  <testcase name="testMaximumNumberAtFirstPositionFloat" classname="MaximumNumberTest" time="0.0"/>
  <testcase name="testMaximumNumberAtThirdPositionFloat" classname="MaximumNumberTest" time="0.0"/>
  <testcase name="testMaximumNumberAtSecondPosition" classname="MaximumNumberTest" time="0.0"/>
  <testcase name="testMaximumNumberAtFirstPosition" classname="MaximumNumberTest" time="0.0"/>
  <system-out><![CDATA[]]></system-out>
  <system-err><![CDATA[]]></system-err>
</testsuite>
